{
  "RSpec": {
    "coverage": {
      "/Users/Rhiannon/Makers/Projects/yelp_clone/app/models/user.rb": [
        1,
        1,
        null,
        null,
        null,
        1,
        1,
        1,
        null,
        1,
        1,
        1,
        1,
        null,
        null,
        null,
        1,
        5,
        null,
        null,
        1,
        1,
        null,
        null,
        null,
        null
      ],
      "/Users/Rhiannon/Makers/Projects/yelp_clone/app/helpers/application_helper.rb": [
        1,
        null
      ],
      "/Users/Rhiannon/Makers/Projects/yelp_clone/app/helpers/restaurants_helper.rb": [
        1,
        null
      ],
      "/Users/Rhiannon/Makers/Projects/yelp_clone/app/helpers/reviews_helper.rb": [
        1,
        null
      ],
      "/Users/Rhiannon/Makers/Projects/yelp_clone/app/models/restaurant.rb": [
        1,
        1,
        1,
        1,
        1,
        null,
        null
      ],
      "/Users/Rhiannon/Makers/Projects/yelp_clone/app/models/review.rb": [
        1,
        null,
        1,
        1,
        1,
        null
      ],
      "/Users/Rhiannon/Makers/Projects/yelp_clone/app/controllers/restaurants_controller.rb": [
        1,
        null,
        1,
        null,
        1,
        43,
        null,
        null,
        1,
        2,
        null,
        null,
        1,
        2,
        2,
        1,
        null,
        1,
        null,
        null,
        null,
        1,
        3,
        null,
        null,
        1,
        1,
        null,
        null,
        1,
        2,
        2,
        1,
        1,
        null,
        null,
        null,
        1,
        1,
        1,
        1,
        null,
        null,
        1,
        2,
        2,
        1,
        null,
        1,
        1,
        null,
        2,
        null,
        null
      ],
      "/Users/Rhiannon/Makers/Projects/yelp_clone/app/controllers/application_controller.rb": [
        1,
        null,
        null,
        1,
        null
      ],
      "/Users/Rhiannon/Makers/Projects/yelp_clone/app/controllers/users/omniauth_callbacks_controller.rb": [
        1,
        1,
        null,
        1,
        null,
        1,
        1,
        1,
        null,
        0,
        0,
        null,
        null,
        null,
        1,
        1,
        null,
        null
      ],
      "/Users/Rhiannon/Makers/Projects/yelp_clone/app/controllers/reviews_controller.rb": [
        0,
        0,
        0,
        0,
        0,
        0,
        0,
        0,
        0,
        0,
        0,
        0,
        0,
        0,
        0,
        0,
        0,
        0,
        0,
        0,
        0,
        0
      ]
    },
    "timestamp": 1460640391
  }
}
